d:\fiot\курсові роботи\оп іі семестр\варіант\ip54_chyzh\ip54_chyzh\debug\vc120.pdb
d:\fiot\курсові роботи\оп іі семестр\варіант\ip54_chyzh\ip54_chyzh\debug\.netframework,version=v4.5.assemblyattributes.obj
d:\fiot\курсові роботи\оп іі семестр\варіант\ip54_chyzh\ip54_chyzh\debug\calc.obj
d:\fiot\курсові роботи\оп іі семестр\варіант\ip54_chyzh\ip54_chyzh\debug\myform.obj
d:\fiot\курсові роботи\оп іі семестр\варіант\ip54_chyzh\ip54_chyzh\debug\invform.obj
d:\fiot\курсові роботи\оп іі семестр\варіант\ip54_chyzh\ip54_chyzh\debug\ip54_chyzh.myform.resources
d:\fiot\курсові роботи\оп іі семестр\варіант\ip54_chyzh\ip54_chyzh\debug\ip54_chyzh.invform.resources
d:\fiot\курсові роботи\оп іі семестр\варіант\ip54_chyzh\debug\ip54_chyzh.exe
d:\fiot\курсові роботи\оп іі семестр\варіант\ip54_chyzh\debug\ip54_chyzh.pdb
d:\fiot\курсові роботи\оп іі семестр\варіант\ip54_chyzh\ip54_chyzh\debug\ip54_chyzh.vcxproj.generateresource.cache
d:\fiot\курсові роботи\оп іі семестр\варіант\ip54_chyzh\ip54_chyzh\debug\ip54_chyzh.vcxprojresolveassemblyreference.cache
d:\fiot\курсові роботи\оп іі семестр\варіант\ip54_chyzh\ip54_chyzh\debug\ip54_chyzh.tlog\cl.command.1.tlog
d:\fiot\курсові роботи\оп іі семестр\варіант\ip54_chyzh\ip54_chyzh\debug\ip54_chyzh.tlog\cl.read.1.tlog
d:\fiot\курсові роботи\оп іі семестр\варіант\ip54_chyzh\ip54_chyzh\debug\ip54_chyzh.tlog\cl.write.1.tlog
d:\fiot\курсові роботи\оп іі семестр\варіант\ip54_chyzh\ip54_chyzh\debug\ip54_chyzh.tlog\ip54_chyzh.write.1u.tlog
d:\fiot\курсові роботи\оп іі семестр\варіант\ip54_chyzh\ip54_chyzh\debug\ip54_chyzh.tlog\link.command.1.tlog
d:\fiot\курсові роботи\оп іі семестр\варіант\ip54_chyzh\ip54_chyzh\debug\ip54_chyzh.tlog\link.read.1.tlog
d:\fiot\курсові роботи\оп іі семестр\варіант\ip54_chyzh\ip54_chyzh\debug\ip54_chyzh.tlog\link.write.1.tlog
d:\fiot\курсові роботи\оп іі семестр\варіант\ip54_chyzh\ip54_chyzh\debug\ip54_chyzh.tlog\metagen.read.1.tlog
d:\fiot\курсові роботи\оп іі семестр\варіант\ip54_chyzh\ip54_chyzh\debug\ip54_chyzh.tlog\metagen.write.1.tlog
d:\fiot\курсові роботи\оп іі семестр\варіант\ip54_chyzh\ip54_chyzh\debug\ip54_chyzh.tlog\rsaenh.dll.bi
d:\fiot\курсові роботи\оп іі семестр\варіант\ip54_chyzh\ip54_chyzh\debug\ip54_chyzh.tlog\tzres.dll.bi
